$ cargo test
   Compiling rectangle v0.1.0 (file:///projects/rectangle)
    Finished test [unoptimized + debuginfo] target(s) in 0.66s
     Running target/debug/deps/rectangle-6584c4561e48942e

running 2 tests
test tests::un_grand_peut_contenir_un_petit ... FAILED
test tests::un_petit_ne_peut_pas_contenir_un_plus_grand ... ok

failures:

---- tests::un_grand_peut_contenir_un_petit stdout ----
thread 'main' panicked at 'assertion failed: le_grand.can_hold(&le_petit)', src/lib.rs:28:9
note: run with `RUST_BACKTRACE=1` environment variable to display a backtrace


failures:
    tests::un_grand_peut_contenir_un_petit

test result: FAILED. 1 passed; 1 failed; 0 ignored; 0 measured; 0 filtered out; finished in 0.00s

error: test failed, to rerun pass '--lib'
